<?xml version="1.0" encoding="UTF-8"?>
<!-- Generated by org.testng.reporters.JUnitReportReporter -->
<testsuite hostname="LAPTOP-A5IMFISJ" failures="0" tests="5" name="ForgotPasswordTest" time="42.130" errors="0" timestamp="2024-03-07T17:18:20 IST" skipped="0">
  <testcase classname="ForgotPasswordTest" name="testForgotPasswordIsDisplayed" time="7.725"/>
  <testcase classname="ForgotPasswordTest" name="testForgotPasswordWithoutEmailID" time="8.429"/>
  <testcase classname="ForgotPasswordTest" name="testForgotPasswordWithInvalidEmailID" time="8.805"/>
  <testcase classname="ForgotPasswordTest" name="testForgotPasswordWithValidEmailID" time="8.782"/>
  <testcase classname="ForgotPasswordTest" name="testForgotPasswordWithooutOtp" time="8.389"/>
</testsuite> <!-- ForgotPasswordTest -->
