<?xml version="1.0" encoding="UTF-8"?>
<!-- Generated by org.testng.reporters.JUnitReportReporter -->
<testsuite hostname="LAPTOP-A5IMFISJ" failures="0" tests="5" name="RegistrationTest" time="62.635" errors="0" timestamp="2024-03-07T17:18:20 IST" skipped="0">
  <testcase classname="RegistrationTest" name="testSignUpWithValidCredentials" time="21.488"/>
  <testcase classname="RegistrationTest" name="testSignUpWithExistingUsername" time="10.441"/>
  <testcase classname="RegistrationTest" name="testSignUpWithMismatchInPassword" time="10.171"/>
  <testcase classname="RegistrationTest" name="testSignUpWithExistingEmailId" time="10.327"/>
  <testcase classname="RegistrationTest" name="testSignUpWithMinimumPasswordLength" time="10.208"/>
</testsuite> <!-- RegistrationTest -->
