<?xml version="1.0" encoding="UTF-8"?>
<!-- Generated by org.testng.reporters.JUnitReportReporter -->
<testsuite hostname="LAPTOP-A5IMFISJ" failures="0" tests="5" name="LoginTest" time="39.922" errors="0" timestamp="2024-03-07T17:18:20 IST" skipped="0">
  <testcase classname="LoginTest" name="testLoginWithValidCredentials" time="19.852"/>
  <testcase classname="LoginTest" name="testLoginWithInValidCredentials" time="3.999"/>
  <testcase classname="LoginTest" name="testLoginWithInValidUsernameAndValidPassword" time="4.993"/>
  <testcase classname="LoginTest" name="testLoginWithValidUsernameAndInvalidPassword" time="4.558"/>
  <testcase classname="LoginTest" name="testLoginWithEmptyCredentials" time="6.520"/>
</testsuite> <!-- LoginTest -->
